<?xml version="1.0" encoding="UTF-8"?>
<!-- Generated by org.testng.reporters.JUnitReportReporter -->
<testsuite hostname="DESKTOP-TG48D8J" failures="0" tests="3" name="testCases.GraphTest" time="4.462" errors="0" timestamp="2022-12-30T18:56:44 EST" skipped="0">
  <testcase classname="testCases.GraphTest" name="GraphPage" time="1.981"/>
  <system-out/>
  <testcase classname="testCases.GraphTest" name="GraphRepresentations" time="1.289"/>
  <system-out/>
  <testcase classname="testCases.GraphTest" name="Graph" time="1.192"/>
  <system-out/>
</testsuite> <!-- testCases.GraphTest -->
