<?xml version="1.0" encoding="UTF-8"?>
<!-- Generated by org.testng.reporters.JUnitReportReporter -->
<testsuite hostname="DESKTOP-TG48D8J" failures="0" tests="5" name="testCases.QueueTest" time="10.397" errors="0" timestamp="2022-12-30T18:56:44 EST" skipped="0">
  <testcase classname="testCases.QueueTest" name="QueueInPython" time="2.524"/>
  <system-out/>
  <testcase classname="testCases.QueueTest" name="QueueCollection" time="3.069"/>
  <system-out/>
  <testcase classname="testCases.QueueTest" name="QueuePracticeQuestions" time="0.594"/>
  <system-out/>
  <testcase classname="testCases.QueueTest" name="QueueImplementation" time="2.882"/>
  <system-out/>
  <testcase classname="testCases.QueueTest" name="QueueOperations" time="1.328"/>
  <system-out/>
</testsuite> <!-- testCases.QueueTest -->
