<?xml version="1.0" encoding="UTF-8"?>
<!-- Generated by org.testng.reporters.JUnitReportReporter -->
<testsuite hostname="DESKTOP-TG48D8J" failures="0" tests="9" name="testCases.LinkedListTest" time="22.352" errors="0" timestamp="2022-12-30T18:56:44 EST" skipped="0">
  <testcase classname="testCases.LinkedListTest" name="LinledSignIn" time="2.725"/>
  <system-out/>
  <testcase classname="testCases.LinkedListTest" name="introductionLinkListed" time="1.688"/>
  <system-out/>
  <testcase classname="testCases.LinkedListTest" name="CreatedLinkedListedPage" time="1.827"/>
  <system-out/>
  <testcase classname="testCases.LinkedListTest" name="TypeOfLinkedListedPage" time="4.878"/>
  <system-out/>
  <testcase classname="testCases.LinkedListTest" name="ImplementLinkedListedPython" time="2.228"/>
  <system-out/>
  <testcase classname="testCases.LinkedListTest" name="TraversalLinkedListedPython" time="1.709"/>
  <system-out/>
  <testcase classname="testCases.LinkedListTest" name="InsertaionLinkedListedPython" time="2.791"/>
  <system-out/>
  <testcase classname="testCases.LinkedListTest" name="DeletionLinkedListedPython" time="3.776"/>
  <system-out/>
  <testcase classname="testCases.LinkedListTest" name="PracticeQuastionLinkedListedPython" time="0.730"/>
  <system-out/>
</testsuite> <!-- testCases.LinkedListTest -->
