<?xml version="1.0" encoding="UTF-8"?>
<!-- Generated by org.testng.reporters.JUnitReportReporter -->
<testsuite hostname="DESKTOP-TG48D8J" failures="0" tests="3" name="testCases.SigninTest" time="3.486" errors="0" timestamp="2022-12-30T18:56:44 EST" skipped="0">
  <testcase classname="testCases.SigninTest" name="SigninDDT" time="0.999"/>
  <system-out/>
  <testcase classname="testCases.SigninTest" name="SigninDDT" time="1.119"/>
  <system-out/>
  <testcase classname="testCases.SigninTest" name="SigninDDT" time="1.368"/>
  <system-out/>
</testsuite> <!-- testCases.SigninTest -->
