<?xml version="1.0" encoding="UTF-8"?>
<!-- Generated by org.testng.reporters.JUnitReportReporter -->
<testsuite hostname="DESKTOP-TG48D8J" failures="0" tests="1" name="testCases.HomePageTest" time="3.248" errors="0" timestamp="2022-12-30T18:56:44 EST" skipped="0">
  <testcase classname="testCases.HomePageTest" name="homepage" time="3.248"/>
  <system-out/>
</testsuite> <!-- testCases.HomePageTest -->
