<?xml version="1.0" encoding="UTF-8"?>
<!-- Generated by org.testng.reporters.JUnitReportReporter -->
<testsuite hostname="DESKTOP-TG48D8J" failures="0" tests="7" name="testCases.RegistrationTest" time="11.409" errors="0" timestamp="2022-12-30T18:56:44 EST" skipped="0">
  <testcase classname="testCases.RegistrationTest" name="RegistrationDDT" time="2.577"/>
  <system-out/>
  <testcase classname="testCases.RegistrationTest" name="RegistrationDDT" time="2.285"/>
  <system-out/>
  <testcase classname="testCases.RegistrationTest" name="RegistrationDDT" time="2.700"/>
  <system-out/>
  <testcase classname="testCases.RegistrationTest" name="RegistrationDDT" time="0.847"/>
  <system-out/>
  <testcase classname="testCases.RegistrationTest" name="RegistrationDDT" time="1.485"/>
  <system-out/>
  <testcase classname="testCases.RegistrationTest" name="RegistrationDDT" time="0.532"/>
  <system-out/>
  <testcase classname="testCases.RegistrationTest" name="sighOutOnRegistrationPage" time="0.983"/>
  <system-out/>
</testsuite> <!-- testCases.RegistrationTest -->
