<?xml version="1.0" encoding="UTF-8"?>
<!-- Generated by org.testng.reporters.JUnitReportReporter -->
<testsuite hostname="DESKTOP-TG48D8J" failures="0" tests="14" name="testCases.TreeTest" time="29.111" errors="0" timestamp="2022-12-30T18:56:44 EST" skipped="0">
  <testcase classname="testCases.TreeTest" name="OverviewTree" time="1.883"/>
  <system-out/>
  <testcase classname="testCases.TreeTest" name="Terminology" time="1.615"/>
  <system-out/>
  <testcase classname="testCases.TreeTest" name="TypesofTree" time="4.415"/>
  <system-out/>
  <testcase classname="testCases.TreeTest" name="TreeTraversals" time="1.775"/>
  <system-out/>
  <testcase classname="testCases.TreeTest" name="TraversalsIllustration" time="1.397"/>
  <system-out/>
  <testcase classname="testCases.TreeTest" name="BinaryTree" time="1.197"/>
  <system-out/>
  <testcase classname="testCases.TreeTest" name="TypesBinaryTree" time="2.330"/>
  <system-out/>
  <testcase classname="testCases.TreeTest" name="ImplementationinPython" time="3.560"/>
  <system-out/>
  <testcase classname="testCases.TreeTest" name="BinaryTreeTraversals" time="1.476"/>
  <system-out/>
  <testcase classname="testCases.TreeTest" name="ImplementationBinaryTrees" time="1.271"/>
  <system-out/>
  <testcase classname="testCases.TreeTest" name="ApplicationsBinaryTree" time="1.209"/>
  <system-out/>
  <testcase classname="testCases.TreeTest" name="BinarySearchTrees" time="2.774"/>
  <system-out/>
  <testcase classname="testCases.TreeTest" name="ImplementationOfBST" time="3.541"/>
  <system-out/>
  <testcase classname="testCases.TreeTest" name="PracticeQuestion" time="0.668"/>
  <system-out/>
</testsuite> <!-- testCases.TreeTest -->
