<?xml version="1.0" encoding="UTF-8"?>
<!-- Generated by org.testng.reporters.JUnitReportReporter -->
<testsuite hostname="DESKTOP-TG48D8J" failures="0" tests="2" name="testCases.DataStructureTest" time="4.779" errors="0" timestamp="2022-12-30T18:56:44 EST" skipped="0">
  <testcase classname="testCases.DataStructureTest" name="DatastructureTimeComplexity" time="3.384"/>
  <system-out/>
  <testcase classname="testCases.DataStructureTest" name="DataStructurePrecticeQuestion" time="1.395"/>
  <system-out/>
</testsuite> <!-- testCases.DataStructureTest -->
