<?xml version="1.0" encoding="UTF-8"?>
<!-- Generated by org.testng.reporters.JUnitReportReporter -->
<testsuite hostname="DESKTOP-TG48D8J" failures="0" tests="4" name="testCases.StackTest" time="11.391" errors="0" timestamp="2022-12-30T18:56:44 EST" skipped="0">
  <testcase classname="testCases.StackTest" name="StackOperations" time="4.151"/>
  <system-out/>
  <testcase classname="testCases.StackTest" name="StackApplications" time="3.672"/>
  <system-out/>
  <testcase classname="testCases.StackTest" name="StackImplementation" time="2.911"/>
  <system-out/>
  <testcase classname="testCases.StackTest" name="StackPracticeQuestion" time="0.657"/>
  <system-out/>
</testsuite> <!-- testCases.StackTest -->
