<?xml version="1.0" encoding="UTF-8"?>
<!-- Generated by org.testng.reporters.JUnitReportReporter -->
<testsuite hostname="DESKTOP-TG48D8J" failures="0" tests="14" name="testCases.TreeTest" time="24.600" errors="0" timestamp="2022-12-30T11:18:35 EST" skipped="0">
  <testcase classname="testCases.TreeTest" name="OverviewTree" time="3.839"/>
  <system-out/>
  <testcase classname="testCases.TreeTest" name="Terminology" time="1.130"/>
  <system-out/>
  <testcase classname="testCases.TreeTest" name="TypesofTree" time="0.978"/>
  <system-out/>
  <testcase classname="testCases.TreeTest" name="TreeTraversals" time="1.207"/>
  <system-out/>
  <testcase classname="testCases.TreeTest" name="TraversalsIllustration" time="2.074"/>
  <system-out/>
  <testcase classname="testCases.TreeTest" name="BinaryTree" time="2.881"/>
  <system-out/>
  <testcase classname="testCases.TreeTest" name="TypesBinaryTree" time="1.689"/>
  <system-out/>
  <testcase classname="testCases.TreeTest" name="ImplementationinPython" time="1.242"/>
  <system-out/>
  <testcase classname="testCases.TreeTest" name="BinaryTreeTraversals" time="1.091"/>
  <system-out/>
  <testcase classname="testCases.TreeTest" name="ImplementationBinaryTrees" time="1.220"/>
  <system-out/>
  <testcase classname="testCases.TreeTest" name="ApplicationsBinaryTree" time="2.082"/>
  <system-out/>
  <testcase classname="testCases.TreeTest" name="BinarySearchTrees" time="2.742"/>
  <system-out/>
  <testcase classname="testCases.TreeTest" name="ImplementationOfBST" time="1.760"/>
  <system-out/>
  <testcase classname="testCases.TreeTest" name="PracticeQuestion" time="0.665"/>
  <system-out/>
</testsuite> <!-- testCases.TreeTest -->
