<?xml version="1.0" encoding="UTF-8"?>
<!-- Generated by org.testng.reporters.JUnitReportReporter -->
<testsuite hostname="DESKTOP-TG48D8J" failures="0" tests="3" name="testCases.GraphTest" time="4.907" errors="0" timestamp="2022-12-30T11:18:35 EST" skipped="0">
  <testcase classname="testCases.GraphTest" name="GraphPage" time="1.945"/>
  <system-out/>
  <testcase classname="testCases.GraphTest" name="GraphRepresentations" time="1.688"/>
  <system-out/>
  <testcase classname="testCases.GraphTest" name="Graph" time="1.274"/>
  <system-out/>
</testsuite> <!-- testCases.GraphTest -->
