<?xml version="1.0" encoding="UTF-8"?>
<!-- Generated by org.testng.reporters.JUnitReportReporter -->
<testsuite hostname="DESKTOP-TG48D8J" failures="0" tests="1" name="testCases.HomePageTest" time="2.272" errors="0" timestamp="2022-12-30T11:18:35 EST" skipped="0">
  <testcase classname="testCases.HomePageTest" name="homepage" time="2.272"/>
  <system-out/>
</testsuite> <!-- testCases.HomePageTest -->
