<?xml version="1.0" encoding="UTF-8"?>
<!-- Generated by org.testng.reporters.JUnitReportReporter -->
<testsuite hostname="DESKTOP-TG48D8J" failures="0" tests="5" name="testCases.QueueTest" time="7.064" errors="0" timestamp="2022-12-30T11:18:35 EST" skipped="0">
  <testcase classname="testCases.QueueTest" name="QueueInPython" time="2.245"/>
  <system-out/>
  <testcase classname="testCases.QueueTest" name="QueueCollection" time="0.918"/>
  <system-out/>
  <testcase classname="testCases.QueueTest" name="QueueImplementation" time="0.957"/>
  <system-out/>
  <testcase classname="testCases.QueueTest" name="QueuePracticeQuestions" time="1.144"/>
  <system-out/>
  <testcase classname="testCases.QueueTest" name="QueueOperations" time="1.800"/>
  <system-out/>
</testsuite> <!-- testCases.QueueTest -->
