<?xml version="1.0" encoding="UTF-8"?>
<!-- Generated by org.testng.reporters.JUnitReportReporter -->
<testsuite hostname="DESKTOP-TG48D8J" failures="0" tests="9" name="testCases.LinkedListTest" time="15.406" errors="0" timestamp="2022-12-30T11:18:35 EST" skipped="0">
  <testcase classname="testCases.LinkedListTest" name="LinledSignIn" time="2.854"/>
  <system-out/>
  <testcase classname="testCases.LinkedListTest" name="introductionLinkListed" time="2.214"/>
  <system-out/>
  <testcase classname="testCases.LinkedListTest" name="CreatedLinkedListedPage" time="1.190"/>
  <system-out/>
  <testcase classname="testCases.LinkedListTest" name="TypeOfLinkedListedPage" time="1.269"/>
  <system-out/>
  <testcase classname="testCases.LinkedListTest" name="ImplementLinkedListedPython" time="1.124"/>
  <system-out/>
  <testcase classname="testCases.LinkedListTest" name="TraversalLinkedListedPython" time="0.931"/>
  <system-out/>
  <testcase classname="testCases.LinkedListTest" name="InsertaionLinkedListedPython" time="1.994"/>
  <system-out/>
  <testcase classname="testCases.LinkedListTest" name="DeletionLinkedListedPython" time="2.523"/>
  <system-out/>
  <testcase classname="testCases.LinkedListTest" name="PracticeQuastionLinkedListedPython" time="1.307"/>
  <system-out/>
</testsuite> <!-- testCases.LinkedListTest -->
