<?xml version="1.0" encoding="UTF-8"?>
<!-- Generated by org.testng.reporters.JUnitReportReporter -->
<testsuite hostname="DESKTOP-TG48D8J" failures="0" tests="7" name="testCases.RegistrationTest" time="6.107" errors="0" timestamp="2022-12-30T11:18:35 EST" skipped="0">
  <testcase classname="testCases.RegistrationTest" name="RegistrationDDT" time="0.663"/>
  <system-out/>
  <testcase classname="testCases.RegistrationTest" name="RegistrationDDT" time="1.093"/>
  <system-out/>
  <testcase classname="testCases.RegistrationTest" name="RegistrationDDT" time="0.587"/>
  <system-out/>
  <testcase classname="testCases.RegistrationTest" name="RegistrationDDT" time="0.786"/>
  <system-out/>
  <testcase classname="testCases.RegistrationTest" name="RegistrationDDT" time="0.907"/>
  <system-out/>
  <testcase classname="testCases.RegistrationTest" name="RegistrationDDT" time="1.693"/>
  <system-out/>
  <testcase classname="testCases.RegistrationTest" name="sighOutOnRegistrationPage" time="0.378"/>
  <system-out/>
</testsuite> <!-- testCases.RegistrationTest -->
