<?xml version="1.0" encoding="UTF-8"?>
<!-- Generated by org.testng.reporters.JUnitReportReporter -->
<testsuite hostname="DESKTOP-TG48D8J" failures="0" tests="2" name="testCases.DataStructureTest" time="7.909" errors="0" timestamp="2022-12-30T11:18:35 EST" skipped="0">
  <testcase classname="testCases.DataStructureTest" name="DatastructureTimeComplexity" time="5.767"/>
  <system-out/>
  <testcase classname="testCases.DataStructureTest" name="DataStructurePrecticeQuestion" time="2.142"/>
  <system-out/>
</testsuite> <!-- testCases.DataStructureTest -->
