<?xml version="1.0" encoding="UTF-8"?>
<!-- Generated by org.testng.reporters.JUnitReportReporter -->
<testsuite hostname="DESKTOP-TG48D8J" failures="0" tests="4" name="testCases.StackTest" time="10.393" errors="0" timestamp="2022-12-30T11:18:35 EST" skipped="0">
  <testcase classname="testCases.StackTest" name="StackOperations" time="4.321"/>
  <system-out/>
  <testcase classname="testCases.StackTest" name="StackApplications" time="1.940"/>
  <system-out/>
  <testcase classname="testCases.StackTest" name="StackImplementation" time="2.953"/>
  <system-out/>
  <testcase classname="testCases.StackTest" name="StackPracticeQuestion" time="1.179"/>
  <system-out/>
</testsuite> <!-- testCases.StackTest -->
