<?xml version="1.0" encoding="UTF-8"?>
<!-- Generated by org.testng.reporters.JUnitReportReporter -->
<testsuite hostname="DESKTOP-TG48D8J" failures="0" tests="9" name="testCases.ArrayTest" time="15.504" errors="0" timestamp="2022-12-30T11:18:35 EST" skipped="0">
  <testcase classname="testCases.ArrayTest" name="Arrayslogin" time="2.301"/>
  <system-out/>
  <testcase classname="testCases.ArrayTest" name="ArraysPython" time="1.950"/>
  <system-out/>
  <testcase classname="testCases.ArrayTest" name="ArraysList" time="1.368"/>
  <system-out/>
  <testcase classname="testCases.ArrayTest" name="BasicOperation" time="3.255"/>
  <system-out/>
  <testcase classname="testCases.ArrayTest" name="ApplicationOfArrays" time="1.891"/>
  <system-out/>
  <testcase classname="testCases.ArrayTest" name="PracticeQuestion" time="1.205"/>
  <system-out/>
  <testcase classname="testCases.ArrayTest" name="MaxConsecutive" time="1.197"/>
  <system-out/>
  <testcase classname="testCases.ArrayTest" name="FindNumber" time="1.084"/>
  <system-out/>
  <testcase classname="testCases.ArrayTest" name="ShortedArrays" time="1.253"/>
  <system-out/>
</testsuite> <!-- testCases.ArrayTest -->
